c:\users\mrfre\source\repos\courseworkform\courseworkform\x64\debug\vc143.pdb
c:\users\mrfre\source\repos\courseworkform\courseworkform\x64\debug\.netframework,version=v4.7.2.assemblyattributes.obj
c:\users\mrfre\source\repos\courseworkform\courseworkform\x64\debug\statistic.obj
c:\users\mrfre\source\repos\courseworkform\courseworkform\x64\debug\sign.obj
c:\users\mrfre\source\repos\courseworkform\courseworkform\x64\debug\registration.obj
c:\users\mrfre\source\repos\courseworkform\courseworkform\x64\debug\myform.obj
c:\users\mrfre\source\repos\courseworkform\courseworkform\x64\debug\mainwindow1.obj
c:\users\mrfre\source\repos\courseworkform\courseworkform\x64\debug\mainwindow.obj
c:\users\mrfre\source\repos\courseworkform\courseworkform\x64\debug\main.obj
c:\users\mrfre\source\repos\courseworkform\courseworkform\x64\debug\functions.obj
c:\users\mrfre\source\repos\courseworkform\courseworkform\x64\debug\fullrs.obj
c:\users\mrfre\source\repos\courseworkform\courseworkform\x64\debug\adminmenu.obj
c:\users\mrfre\source\repos\courseworkform\courseworkform\x64\debug\addrs.obj
c:\users\mrfre\source\repos\courseworkform\x64\debug\courseworkform.exe
c:\users\mrfre\source\repos\courseworkform\x64\debug\courseworkform.pdb
c:\users\mrfre\source\repos\courseworkform\courseworkform\x64\debug\courseworkform.tlog\cl.command.1.tlog
c:\users\mrfre\source\repos\courseworkform\courseworkform\x64\debug\courseworkform.tlog\cl.items.tlog
c:\users\mrfre\source\repos\courseworkform\courseworkform\x64\debug\courseworkform.tlog\cl.read.1.tlog
c:\users\mrfre\source\repos\courseworkform\courseworkform\x64\debug\courseworkform.tlog\cl.write.1.tlog
c:\users\mrfre\source\repos\courseworkform\courseworkform\x64\debug\courseworkform.tlog\link.30528-cvtres.read.1.tlog
c:\users\mrfre\source\repos\courseworkform\courseworkform\x64\debug\courseworkform.tlog\link.30528-cvtres.write.1.tlog
c:\users\mrfre\source\repos\courseworkform\courseworkform\x64\debug\courseworkform.tlog\link.30528-rc.read.1.tlog
c:\users\mrfre\source\repos\courseworkform\courseworkform\x64\debug\courseworkform.tlog\link.30528-rc.write.1.tlog
c:\users\mrfre\source\repos\courseworkform\courseworkform\x64\debug\courseworkform.tlog\link.30528.read.1.tlog
c:\users\mrfre\source\repos\courseworkform\courseworkform\x64\debug\courseworkform.tlog\link.30528.read.2.tlog
c:\users\mrfre\source\repos\courseworkform\courseworkform\x64\debug\courseworkform.tlog\link.30528.read.3.tlog
c:\users\mrfre\source\repos\courseworkform\courseworkform\x64\debug\courseworkform.tlog\link.30528.read.4.tlog
c:\users\mrfre\source\repos\courseworkform\courseworkform\x64\debug\courseworkform.tlog\link.30528.write.1.tlog
c:\users\mrfre\source\repos\courseworkform\courseworkform\x64\debug\courseworkform.tlog\link.command.1.tlog
c:\users\mrfre\source\repos\courseworkform\courseworkform\x64\debug\courseworkform.tlog\link.read.1.tlog
c:\users\mrfre\source\repos\courseworkform\courseworkform\x64\debug\courseworkform.tlog\link.read.2.tlog
c:\users\mrfre\source\repos\courseworkform\courseworkform\x64\debug\courseworkform.tlog\link.read.3.tlog
c:\users\mrfre\source\repos\courseworkform\courseworkform\x64\debug\courseworkform.tlog\link.read.4.tlog
c:\users\mrfre\source\repos\courseworkform\courseworkform\x64\debug\courseworkform.tlog\link.write.1.tlog
c:\users\mrfre\source\repos\courseworkform\courseworkform\x64\debug\courseworkform.tlog\metagen.read.1.tlog
c:\users\mrfre\source\repos\courseworkform\courseworkform\x64\debug\courseworkform.tlog\metagen.write.1.tlog
c:\users\mrfre\source\repos\courseworkform\courseworkform\x64\debug\courseworkform.tlog\resgen.command.1.tlog
c:\users\mrfre\source\repos\courseworkform\courseworkform\x64\debug\courseworkform.tlog\resgen.read.1.tlog
c:\users\mrfre\source\repos\courseworkform\courseworkform\x64\debug\courseworkform.tlog\resgen.write.1.tlog
