c:\users\mrfre\source\repos\courseworkform\library\x64\debug\library.pch
c:\users\mrfre\source\repos\courseworkform\library\x64\debug\vc143.pdb
c:\users\mrfre\source\repos\courseworkform\library\x64\debug\pch.obj
c:\users\mrfre\source\repos\courseworkform\library\x64\debug\usersforadmin.obj
c:\users\mrfre\source\repos\courseworkform\library\x64\debug\myusercontrol.obj
c:\users\mrfre\source\repos\courseworkform\library\x64\debug\library.obj
c:\users\mrfre\source\repos\courseworkform\library\x64\debug\assemblyinfo.obj
c:\users\mrfre\source\repos\courseworkform\library\x64\debug\.netframework,version=v4.7.2.assemblyattributes.obj
c:\users\mrfre\source\repos\courseworkform\x64\debug\library.dll
c:\users\mrfre\source\repos\courseworkform\x64\debug\library.pdb
c:\users\mrfre\source\repos\courseworkform\library\x64\debug\app.res
c:\users\mrfre\source\repos\courseworkform\library\x64\debug\library.tlog\cl.command.1.tlog
c:\users\mrfre\source\repos\courseworkform\library\x64\debug\library.tlog\cl.items.tlog
c:\users\mrfre\source\repos\courseworkform\library\x64\debug\library.tlog\cl.read.1.tlog
c:\users\mrfre\source\repos\courseworkform\library\x64\debug\library.tlog\cl.write.1.tlog
c:\users\mrfre\source\repos\courseworkform\library\x64\debug\library.tlog\link.command.1.tlog
c:\users\mrfre\source\repos\courseworkform\library\x64\debug\library.tlog\link.read.1.tlog
c:\users\mrfre\source\repos\courseworkform\library\x64\debug\library.tlog\link.write.1.tlog
c:\users\mrfre\source\repos\courseworkform\library\x64\debug\library.tlog\metagen.read.1.tlog
c:\users\mrfre\source\repos\courseworkform\library\x64\debug\library.tlog\metagen.write.1.tlog
c:\users\mrfre\source\repos\courseworkform\library\x64\debug\library.tlog\rc.command.1.tlog
c:\users\mrfre\source\repos\courseworkform\library\x64\debug\library.tlog\rc.read.1.tlog
c:\users\mrfre\source\repos\courseworkform\library\x64\debug\library.tlog\rc.write.1.tlog
c:\users\mrfre\source\repos\courseworkform\library\x64\debug\library.tlog\resgen.command.1.tlog
c:\users\mrfre\source\repos\courseworkform\library\x64\debug\library.tlog\resgen.read.1.tlog
c:\users\mrfre\source\repos\courseworkform\library\x64\debug\library.tlog\resgen.write.1.tlog
